[Appium] Welcome to Appium v1.6.3 (REV d9e105042ea59fa58ff105957e196685900abd46)
[Appium] Appium REST http interface listener started on 0.0.0.0:4723
[HTTP] --> POST /wd/hub/session {"desiredCapabilities":{"appium-version":"1.6.3","platformName":"iOS","platformVersion":"10.2","deviceName":"iPhone 7","autoAcceptAlerts":true,"automationName":"xcuitest","newCommandTimeout":3600,"noReset":true,"app":"http://10.1.2.49:8110/ios"}}
[debug] [MJSONWP] Calling AppiumDriver.createSession() with args: [{"appium-version":"1.6.3","platformName":"iOS","platformVersion":"10.2","deviceName":"iPhone 7","autoAcceptAlerts":true,"automationName":"xcuitest","newCommandTimeout":3600,"noReset":true,"app":"http://10.1.2.49:8110/ios"},null,null,null,null]
[Appium] Creating new XCUITestDriver session
[Appium] Capabilities:
[Appium]   appium-version: '1.6.3'
[Appium]   platformName: 'iOS'
[Appium]   platformVersion: '10.2'
[Appium]   deviceName: 'iPhone 7'
[Appium]   autoAcceptAlerts: true
[Appium]   automationName: 'xcuitest'
[Appium]   newCommandTimeout: 3600
[Appium]   noReset: true
[Appium]   app: 'http://10.1.2.49:8110/ios'
[debug] [XCUITest] XCUITestDriver version: 2.4.2
[BaseDriver] The following capabilities were provided, but are not recognized by appium: appium-version.
[BaseDriver] Session created with session id: a685cd42-841d-415e-82e8-8f1ae9080d23
[debug] [XCUITest] Xcode version set to '8.2.1'
[debug] [XCUITest] iOS SDK Version set to '10.2'
[iOSSim] Constructing iOS simulator for Xcode version 8.2.1 with udid 'E226CF84-CBF4-490C-A17F-6D384D47DF7A'
[XCUITest] Determining device to run tests on: udid: 'E226CF84-CBF4-490C-A17F-6D384D47DF7A', real device: false
[BaseDriver] Using downloadable app 'http://10.1.2.49:8110/ios'
[debug] [BaseDriver] http://10.1.2.49:8110/ios downloaded to /var/folders/h6/nflk9jrs5xbbn5jmh79f63ww0000gn/T/2017220-94373-339pvl.nf1cahsemi/appium-app.app
[debug] [BaseDriver] Downloaded file type 'application/zip'
[BaseDriver] Downloaded app to '/var/folders/h6/nflk9jrs5xbbn5jmh79f63ww0000gn/T/2017220-94373-339pvl.nf1cahsemi/appium-app.app'
[debug] [BaseDriver] Unzipping /var/folders/h6/nflk9jrs5xbbn5jmh79f63ww0000gn/T/2017220-94373-339pvl.nf1cahsemi/appium-app.app
[debug] [BaseDriver] Testing zip archive: /var/folders/h6/nflk9jrs5xbbn5jmh79f63ww0000gn/T/2017220-94373-339pvl.nf1cahsemi/appium-app.app
[BaseDriver] Unzipped local app to '/var/folders/h6/nflk9jrs5xbbn5jmh79f63ww0000gn/T/2017220-94373-339pvl.nf1cahsemi/DaRenShop.app'
[debug] [XCUITest] Checking whether app '/var/folders/h6/nflk9jrs5xbbn5jmh79f63ww0000gn/T/2017220-94373-339pvl.nf1cahsemi/DaRenShop.app' is actually present
[debug] [XCUITest] App is present
[debug] [ios-app-utils] Getting bundle ID from app '/var/folders/h6/nflk9jrs5xbbn5jmh79f63ww0000gn/T/2017220-94373-339pvl.nf1cahsemi/DaRenShop.app': 'com.showjoy.shop'
[debug] [iOSLog] Starting iOS 10.2 simulator log capture
[debug] [iOSLog] System log path: /Users/showjoy/Library/Logs/CoreSimulator/E226CF84-CBF4-490C-A17F-6D384D47DF7A/system.log
[XCUITest] Setting up simulator
[debug] [iOS] No reason to set locale
[debug] [iOS] No iOS / app preferences to set
[XCUITest] Simulator with udid 'E226CF84-CBF4-490C-A17F-6D384D47DF7A' already booted
[debug] [XCUITest] Installing app '/var/folders/h6/nflk9jrs5xbbn5jmh79f63ww0000gn/T/2017220-94373-339pvl.nf1cahsemi/DaRenShop.app' on device
[XCUITest] Using WDA path: '/usr/local/lib/node_modules/appium/node_modules/appium-xcuitest-driver/WebDriverAgent'
[XCUITest] Using WDA agent: '/usr/local/lib/node_modules/appium/node_modules/appium-xcuitest-driver/WebDriverAgent/WebDriverAgent.xcodeproj'
[XCUITest] Launching WebDriverAgent on the device
[debug] [XCUITest] Carthage found: /usr/local/bin/carthage
[debug] [XCUITest] Killing hanging processes
[debug] [XCUITest] Beginning test with command 'xcodebuild build-for-testing test-without-building -project /usr/local/lib/node_modules/appium/node_modules/appium-xcuitest-driver/WebDriverAgent/WebDriverAgent.xcodeproj -scheme WebDriverAgentRunner -destination id=E226CF84-CBF4-490C-A17F-6D384D47DF7A -configuration Debug' in directory '/usr/local/lib/node_modules/appium/node_modules/appium-xcuitest-driver/WebDriverAgent'
[XCUITest] Waiting for WebDriverAgent to start on device
[debug] [XCUITest] Log file for xcodebuild test: /Users/showjoy/Library/Developer/Xcode/DerivedData/WebDriverAgent-brdadhpuduowllgivnnvuygpwhzy/Logs/Test/D83B12A6-3BEA-4A73-ADF3-1A3E6A40F38D/Session-WebDriverAgentRunner-2017-03-20_150157-8peHCG.log
[debug] [WebDriverAgent] Sim: Mar 20 15:01:57 yuxius-MB CoreSimulatorBridge[62363]: Requesting installation of file:///Users/showjoy/Library/Developer/Xcode/DerivedData/WebDriverAgent-brdadhpuduowllgivnnvuygpwhzy/Build/Products/Debug-iphonesimulator/WebDriverAgentRunner-Runner.app/ with options: {
[debug] [WebDriverAgent] Sim: 	    CFBundleIdentifier = "com.apple.test.WebDriverAgentRunner-Runner";
[debug] [WebDriverAgent] Sim: 	    PackageType = Developer;
[debug] [WebDriverAgent] Sim: 	    SimulatorRootPath = "/Applications/Xcode.app/Contents/Developer/Platforms/iPhoneSimulator.platform/Developer/SDKs/iPhoneSimulator.sdk";
[debug] [WebDriverAgent] Sim: 	    SimulatorUserPath = "/Users/showjoy/Library/Developer/CoreSimulator/Devices/E226CF84-CBF4-490C-A17F-6D384D47DF7A/data";
[debug] [WebDriverAgent] Sim: 	}
[debug] [WebDriverAgent] Sim: Mar 20 15:02:02 yuxius-MB CoreSimulatorBridge[62363]: Requesting launch of com.apple.test.WebDriverAgentRunner-Runner with options: {
[debug] [WebDriverAgent] Sim: 	    arguments =     (
[debug] [WebDriverAgent] Sim: 	        "-NSTreatUnknownArgumentsAsOpen",
[debug] [WebDriverAgent] Sim: 	        NO,
[debug] [WebDriverAgent] Sim: 	        "-ApplePersistenceIgnoreState",
[debug] [WebDriverAgent] Sim: 	        YES
[debug] [WebDriverAgent] Sim: 	    );
[debug] [WebDriverAgent] Sim: 	    environment =     {
[debug] [WebDriverAgent] Sim: 	        "DTX_CONNECTION_SERVICES_PATH" = "/Applications/Xcode.app/Contents/Developer/Platforms/iPhoneSimulator.platform/Developer/SDKs/iPhoneSimulator.sdk/Developer/Library/PrivateFrameworks/DTXConnectionServices.framework";
[debug] [WebDriverAgent] Sim: 	        "DYLD_FRAMEWORK_PATH" = "/Users/showjoy/Library/Developer/Xcode/DerivedData/WebDriverAgent-brdadhpuduowllgivnnvuygpwhzy/Build/Products/Debug-iphonesimulator:/Users/showjoy/Library/Developer/Xcode/DerivedData/WebDriverAgent-brdadhpuduowllgivnnvuygpwhzy/Build/Products/Debug-iphonesimulator:/Applications/Xcode.app/Contents/Developer/Platforms/iPhoneSimulator.platform/Developer/Library/Frameworks";
[debug] [WebDriverAgent] Sim: 	        "DYLD_LIBRARY_PATH" = "/Users/showjoy/Library/Developer/Xcode/DerivedData/WebDriverAgent-brdadhpuduowllgivnnvuygpwhzy/Build/Products/Debug-iphonesimulator:/Users/showjoy/Library/Developer/Xcode/DerivedData/WebDriverAgent-brdadhpuduowllgivnnvuygpwhzy/Build/Products/Debug-iphonesimulator:/Applications/Xcode.app/Contents/Developer/Platforms/iPhoneSimulator.platform/Developer/Library/Frameworks";
[debug] [WebDriverAgent] Sim: 	        NSUnbufferedIO = YES;
[debug] [WebDriverAgent] Sim: 	        "OS_ACTIVITY_DT_MODE" = YES;
[debug] [WebDriverAgent] Sim: 	        "XCODE_DBG_XPC_EXCLUSIONS" = "com.apple.dt.xctestSymbolicator";
[debug] [WebDriverAgent] Sim: 	        XCTestConfigurationFilePath = "/var/folders/h6/nflk9jrs5xbbn5jmh79f63ww0000gn/T/com.apple.dt.XCTest/F9221403-1671-4319-A97F-EAF4E397EC86/remote-container/tmp/WebDriverAgentRunner-F9221403-1671-4319-A97F-EAF4E397EC86.xctestconfiguration";
[debug] [WebDriverAgent] Sim: 	        "__XCODE_BUILT_PRODUCTS_DIR_PATHS" = "/Users/showjoy/Library/Developer/Xcode/DerivedData/WebDriverAgent-brdadhpuduowllgivnnvuygpwhzy/Build/Products/Debug-iphonesimulator";
[debug] [WebDriverAgent] Sim: 	        "__XPC_DYLD_FRAMEWORK_PATH" = "/Users/showjoy/Library/Developer/Xcode/DerivedData/WebDriverAgent-brdadhpuduowllgivnnvuygpwhzy/Build/Products/Debug-iphonesimulator";
[debug] [WebDriverAgent] Sim: 	        "__XPC_DYLD_LIBRARY_PATH" = "/Users/showjoy/Library/Developer/Xcode/DerivedData/WebDriverAgent-brdadhpuduowllgivnnvuygpwhzy/Build/Products/Debug-iphonesimulator";
[debug] [WebDriverAgent] Sim: 	    };
[debug] [WebDriverAgent] Sim: 	    stderr = "/dev/ttys003";
[debug] [WebDriverAgent] Sim: 	    stdout = "/dev/ttys003";
[debug] [WebDriverAgent] Sim: 	    "wait_for_debugger" = 0;
[debug] [WebDriverAgent] Sim: 	}
[debug] [WebDriverAgent] Sim: Mar 20 15:02:02 yuxius-MB CoreSimulatorBridge[62363]: Beginning launch sequence for bundle 'com.apple.test.WebDriverAgentRunner-Runner'
[debug] [WebDriverAgent] Sim: 		retryTimeout: 120.000000 (default write com.apple.CoreSimulatorBridge LaunchRetryTimeout <value>)
[debug] [WebDriverAgent] Sim: 		bootTimeout: 300.000000 (default write com.apple.CoreSimulatorBridge BootRetryTimeout <value>)
[debug] [WebDriverAgent] Sim: 		bootLeeway: 120.000000 (default write com.apple.CoreSimulatorBridge BootLeeway <value>)
[debug] [WebDriverAgent] Sim: 		Note: Use 'xcrun simctl spawn booted defaults write <domain> <key> <value>' to modify defaults in the booted Simulator device.
[debug] [WebDriverAgent] Sim: 	Simulator booted at: 2017-03-16 08:22:49 +0000
[debug] [WebDriverAgent] Sim: 	Current time: 2017-03-20 07:02:02 +0000
[debug] [WebDriverAgent] Sim: 	Within boot leeway: NO
[debug] [WebDriverAgent] Sim: Mar 20 15:02:02 yuxius-MB CoreSimulatorBridge[62363]: Launch attempt #0 for bundle 'com.apple.test.WebDriverAgentRunner-Runner', have been trying to launch for 0 seconds. Modern launch services = YES
[debug] [WebDriverAgent] Sim: Mar 20 15:02:02 yuxius-MB CoreSimulatorBridge[62363]: Got LSBundleProxy for 'com.apple.test.WebDriverAgentRunner-Runner', sequenceNumber 1156, cacheGUID 41ED0039-512D-403D-B546-BDD1A3C95F96
[debug] [WebDriverAgent] Sim: Mar 20 15:02:02 yuxius-MB CoreSimulatorBridge[62363]: [Common] [FBSSystemService][0x77f5] Sending request to open "com.apple.test.WebDriverAgentRunner-Runner"
[debug] [WebDriverAgent] Sim: Mar 20 15:02:03 yuxius-MB CoreSimulatorBridge[62363]: [Common] [FBSSystemService][0x77f5] Request successful: <FBSProcessHandle: 0x7f9f0e512440; XCTRunner:94436; valid: YES>
[debug] [WebDriverAgent] Sim: Mar 20 15:02:03 yuxius-MB CoreSimulatorBridge[62363]: Launch successful for 'com.apple.test.WebDriverAgentRunner-Runner'
[debug] [WebDriverAgent] Sim: Mar 20 15:02:03 yuxius-MB XCTRunner[94436]: assertion failed: 16C67 14C89: libxpc.dylib + 62677 [0339A402-6531-30E9-8BC2-589C463CD6D6]: 0x7d
[debug] [WebDriverAgent] Sim: Mar 20 15:02:03 yuxius-MB XCTRunner[94436]: Running tests...
[debug] [WebDriverAgent] Sim: Mar 20 15:02:04 yuxius-MB XCTRunner[94436]: Continuing to run tests in the background with task ID 1
[debug] [WebDriverAgent] Sim: Mar 20 15:02:05 yuxius-MB XCTRunner[94436]: Built at Feb 21 2017 21:31:06
[XCUITest] Detected that WebDriverAgent is running at url 'http://10.1.2.49:8100'
[debug] [WebDriverAgent] Sim: Mar 20 15:02:05 yuxius-MB XCTRunner[94436]: ServerURLHere->http://10.1.2.49:8100<-ServerURLHere
[XCUITest] WebDriverAgent started at url 'http://10.1.2.49:8100'
[debug] [JSONWP Proxy] Proxying [POST /session] to [POST http://localhost:8100/session] with body: {"desiredCapabilities":{"bundleId":"com.showjoy.shop","arguments":[],"environment":{},"shouldWaitForQuiescence":true}}
[debug] [JSONWP Proxy] Got response with status 200: {"value":{"sessionId":"B0DD2F59-7396-45BF-8A85-BD8DC3921795","capabilities":{"device":"iphone","browserName":"达人店","sdkVersion":"10.2","CFBundleIdentifier":"com.showjoy.shop"}},"sessionId":"B0DD2F59-7396-45BF-8A85-BD8DC3921795","status":0}
[debug] [XCUITest] Setting initial orientation to 'PORTRAIT'
[debug] [JSONWP Proxy] Proxying [POST /orientation] to [POST http://localhost:8100/session/B0DD2F59-7396-45BF-8A85-BD8DC3921795/orientation] with body: {"orientation":"PORTRAIT"}
[debug] [JSONWP Proxy] Got response with status 200: {"value":{},"sessionId":"B0DD2F59-7396-45BF-8A85-BD8DC3921795","status":0}
[Appium] New XCUITestDriver session created successfully, session a685cd42-841d-415e-82e8-8f1ae9080d23 added to master session list
[debug] [MJSONWP] Responding to client with driver.createSession() result: {"webStorageEnabled":false,"locationContextEnabled":false,"browserName":"","platform":"MAC","javascriptEnabled":true,"databaseEnabled":false,"takesScreenshot":true,"networkConnectionEnabled":false,"appium-version":"1.6.3","platformName":"iOS","platformVersion":"10.2","deviceName":"iPhone 7","autoAcceptAlerts":true,"automationName":"xcuitest","newCommandTimeout":3600,"noReset":true,"app":"http://10.1.2.49:8110/ios"}
[HTTP] <-- POST /wd/hub/session 200 24034 ms - 490 
[HTTP] --> POST /wd/hub/session/a685cd42-841d-415e-82e8-8f1ae9080d23/elements {"using":"xpath","value":"//XCUIElementTypeApplication[1]/XCUIElementTypeWindow[1]/XCUIElementTypeOther[1]/XCUIElementTypeOther[2]/XCUIElementTypeOther[3]"}
[debug] [MJSONWP] Calling AppiumDriver.findElements() with args: ["xpath","//XCUIElementTypeApplication[1]/XCUIElementTypeWindow[1]/XCUIElementTypeOther[1]/XCUIElementTypeOther[2]/XCUIElementTypeOther[3]","a685cd42-841d-415e-82e8-8f1ae9080d23"]
[debug] [XCUITest] Executing command 'findElements'
[debug] [BaseDriver] Valid locator strategies for this request: xpath, id, name, class name, -ios predicate string, accessibility id
[debug] [BaseDriver] Waiting up to 0 ms for condition
[debug] [JSONWP Proxy] Proxying [POST /elements] to [POST http://localhost:8100/session/B0DD2F59-7396-45BF-8A85-BD8DC3921795/elements] with body: {"using":"xpath","value":"//XCUIElementTypeApplication[1]/XCUIElementTypeWindow[1]/XCUIElementTypeOther[1]/XCUIElementTypeOther[2]/XCUIElementTypeOther[3]"}
[debug] [JSONWP Proxy] Got response with status 200: {"value":[],"sessionId":"B0DD2F59-7396-45BF-8A85-BD8DC3921795","status":0}
[debug] [MJSONWP] Responding to client with driver.findElements() result: []
[HTTP] <-- POST /wd/hub/session/a685cd42-841d-415e-82e8-8f1ae9080d23/elements 200 569 ms - 74 
[HTTP] --> POST /wd/hub/session/a685cd42-841d-415e-82e8-8f1ae9080d23/elements {"using":"xpath","value":"//XCUIElementTypeApplication[1]/XCUIElementTypeWindow[1]/XCUIElementTypeOther[1]/XCUIElementTypeOther[2]/XCUIElementTypeOther[3]"}
[debug] [MJSONWP] Calling AppiumDriver.findElements() with args: ["xpath","//XCUIElementTypeApplication[1]/XCUIElementTypeWindow[1]/XCUIElementTypeOther[1]/XCUIElementTypeOther[2]/XCUIElementTypeOther[3]","a685cd42-841d-415e-82e8-8f1ae9080d23"]
[debug] [XCUITest] Executing command 'findElements'
[debug] [BaseDriver] Valid locator strategies for this request: xpath, id, name, class name, -ios predicate string, accessibility id
[debug] [BaseDriver] Waiting up to 0 ms for condition
[debug] [JSONWP Proxy] Proxying [POST /elements] to [POST http://localhost:8100/session/B0DD2F59-7396-45BF-8A85-BD8DC3921795/elements] with body: {"using":"xpath","value":"//XCUIElementTypeApplication[1]/XCUIElementTypeWindow[1]/XCUIElementTypeOther[1]/XCUIElementTypeOther[2]/XCUIElementTypeOther[3]"}
[debug] [JSONWP Proxy] Got response with status 200: {"value":[],"sessionId":"B0DD2F59-7396-45BF-8A85-BD8DC3921795","status":0}
[debug] [MJSONWP] Responding to client with driver.findElements() result: []
[HTTP] <-- POST /wd/hub/session/a685cd42-841d-415e-82e8-8f1ae9080d23/elements 200 709 ms - 74 
[HTTP] --> POST /wd/hub/session/a685cd42-841d-415e-82e8-8f1ae9080d23/elements {"using":"xpath","value":"//XCUIElementTypeApplication[1]/XCUIElementTypeWindow[1]/XCUIElementTypeOther[1]/XCUIElementTypeOther[2]/XCUIElementTypeOther[3]"}
[debug] [MJSONWP] Calling AppiumDriver.findElements() with args: ["xpath","//XCUIElementTypeApplication[1]/XCUIElementTypeWindow[1]/XCUIElementTypeOther[1]/XCUIElementTypeOther[2]/XCUIElementTypeOther[3]","a685cd42-841d-415e-82e8-8f1ae9080d23"]
[debug] [XCUITest] Executing command 'findElements'
[debug] [BaseDriver] Valid locator strategies for this request: xpath, id, name, class name, -ios predicate string, accessibility id
[debug] [BaseDriver] Waiting up to 0 ms for condition
[debug] [JSONWP Proxy] Proxying [POST /elements] to [POST http://localhost:8100/session/B0DD2F59-7396-45BF-8A85-BD8DC3921795/elements] with body: {"using":"xpath","value":"//XCUIElementTypeApplication[1]/XCUIElementTypeWindow[1]/XCUIElementTypeOther[1]/XCUIElementTypeOther[2]/XCUIElementTypeOther[3]"}
[debug] [JSONWP Proxy] Got response with status 200: {"value":[{"ELEMENT":"EF264776-9A6E-4CF1-96C6-5432E21720F8","type":"XCUIElementTypeOther","label":"tabbarItem"}],"sessionId":"B0DD2F59-7396-45BF-8A85-BD8DC3921795","status":0}
[debug] [MJSONWP] Responding to client with driver.findElements() result: [{"ELEMENT":"EF264776-9A6E-4CF1-96C6-5432E21720F8","type":"XCUIElementTypeOther","label":"tabbarItem"}]
[HTTP] <-- POST /wd/hub/session/a685cd42-841d-415e-82e8-8f1ae9080d23/elements 200 1055 ms - 175 
[HTTP] --> GET /wd/hub/session/a685cd42-841d-415e-82e8-8f1ae9080d23/element/EF264776-9A6E-4CF1-96C6-5432E21720F8/displayed {}
[MJSONWP] Driver proxy active, passing request on via HTTP proxy
[debug] [XCUITest] Executing command 'proxyReqRes'
[debug] [JSONWP Proxy] Proxying [GET /wd/hub/session/a685cd42-841d-415e-82e8-8f1ae9080d23/element/EF264776-9A6E-4CF1-96C6-5432E21720F8/displayed] to [GET http://localhost:8100/session/B0DD2F59-7396-45BF-8A85-BD8DC3921795/element/EF264776-9A6E-4CF1-96C6-5432E21720F8/displayed] with body: {}
[debug] [JSONWP Proxy] Got response with status 200: "{\n  \"value\" : true,\n  \"sessionId\" : \"B0DD2F59-7396-45BF-8A85-BD8DC3921795\",\n  \"status\" : 0\n}"
[JSONWP Proxy] Replacing sessionId B0DD2F59-7396-45BF-8A85-BD8DC3921795 with a685cd42-841d-415e-82e8-8f1ae9080d23
[HTTP] <-- GET /wd/hub/session/a685cd42-841d-415e-82e8-8f1ae9080d23/element/EF264776-9A6E-4CF1-96C6-5432E21720F8/displayed 200 143 ms - 76 
[HTTP] --> GET /wd/hub/session/a685cd42-841d-415e-82e8-8f1ae9080d23/screenshot {}
[MJSONWP] Driver proxy active, passing request on via HTTP proxy
[debug] [XCUITest] Executing command 'proxyReqRes'
[debug] [JSONWP Proxy] Proxying [GET /wd/hub/session/a685cd42-841d-415e-82e8-8f1ae9080d23/screenshot] to [GET http://localhost:8100/session/B0DD2F59-7396-45BF-8A85-BD8DC3921795/screenshot] with body: {}
[debug] [JSONWP Proxy] Got response with status 200: "{\n  \"value\" : \"iVBORw0KGgoAAAANSUhEUgAAAu4AAAU2CAYAAADK1zMGAAAAAXNSR0IArs4c6QAA\\r\\nABxpRE9UAAAAAgAAAAAAAAKbAAAAKAAAApsAAAKbAAd5csQc5ecAAEAASURBVHgB\\r\\n7L2Hv25VdfWff+pV6RelqwgC0rsUEQSFgCJVUUTB3hVrYu\\/GxBJjiVFj771G1ESM\\r\\nxpZE45v9G2OOOdaaa+\\/9nHvO5YLw\\/nw+n8nqa+\\/nudxzv884Y839F2c\\/6taJcc6j\\r\\nbos4G+UiLtScs1kiONd1zo12rmv1Orde40LM5x6xT79u3ZN17ZPXzb19LY+3Nbm\\/\\r\\n3st4\\/\\/1a2lP7ao72WXlv5XrxPut7y\\/elz0ifh+b0e\\/X9zT9H3S8\\/u\\/751bkaL3v6\\r\\nWvFZ5WdS+tqfRbvffg9xbc71GPco7Xot\\/Vnk5+P9ua7cZ9vH+9Uy17T3Etfh+8g9\\r\\nLkAdcU782eM67C99+n\\/pGfp\\/wte\\/YNk+C30RmNPq57OP7Qy2Ed7f83r76ZibcT5K\\r\\nxNnY9+ysn4m1iqejdGhP7nvWeVyDOSgj2BdR5p6X8zwH5Rktbom617M\\/6o9EP6PN\\r\\nQ\\/8jsa7Emeeife7TptMfqYj5XIO+2n8652SccS7Gz7llOv2c7GOJOI2BMQXrCq87\\r\\n7dybMedmrTsbY2ejPYvT2cY+p7a4GXXE2U\\/tcdZTp9MY0Ycx1COwVvNyX\\/SfwsA8\\r\\nxqlnce7N0ylnPiXi1LNQIrw++mPNU6aT0X\\/ymU9VnIHyDLYZN2WgfgbqDvR7X5bs\\r\\nPyniKSgd6Ds9w+tOfzL6epyI+omnYQ4Dc9nWOOvz4FzHk6J+EtqPYJza+x9x2pPQ\\r\\nrsFxtE+5UYH6iYgT0I44FSXiERmtP8cfcQrn9uA+x59yQwTnH...
[JSONWP Proxy] Replacing sessionId B0DD2F59-7396-45BF-8A85-BD8DC3921795 with a685cd42-841d-415e-82e8-8f1ae9080d23
[HTTP] <-- GET /wd/hub/session/a685cd42-841d-415e-82e8-8f1ae9080d23/screenshot 200 78 ms - 825378 
[HTTP] --> GET /wd/hub/session/a685cd42-841d-415e-82e8-8f1ae9080d23/screenshot {}
[MJSONWP] Driver proxy active, passing request on via HTTP proxy
[debug] [XCUITest] Executing command 'proxyReqRes'
[debug] [JSONWP Proxy] Proxying [GET /wd/hub/session/a685cd42-841d-415e-82e8-8f1ae9080d23/screenshot] to [GET http://localhost:8100/session/B0DD2F59-7396-45BF-8A85-BD8DC3921795/screenshot] with body: {}
[debug] [JSONWP Proxy] Got response with status 200: "{\n  \"value\" : \"iVBORw0KGgoAAAANSUhEUgAAAu4AAAU2CAYAAADK1zMGAAAAAXNSR0IArs4c6QAA\\r\\nABxpRE9UAAAAAgAAAAAAAAKbAAAAKAAAApsAAAKbAAd5csQc5ecAAEAASURBVHgB\\r\\n7L2Hv25VdfWff+pV6RelqwgC0rsUEQSFgCJVUUTB3hVrYu\\/GxBJjiVFj771G1ESM\\r\\nxpZE45v9G2OOOdaaa+\\/9nHvO5YLw\\/nw+n8nqa+\\/nudxzv884Y839F2c\\/6taJcc6j\\r\\nbos4G+UiLtScs1kiONd1zo12rmv1Orde40LM5x6xT79u3ZN17ZPXzb19LY+3Nbm\\/\\r\\n3st4\\/\\/1a2lP7ao72WXlv5XrxPut7y\\/elz0ifh+b0e\\/X9zT9H3S8\\/u\\/751bkaL3v6\\r\\nWvFZ5WdS+tqfRbvffg9xbc71GPco7Xot\\/Vnk5+P9ua7cZ9vH+9Uy17T3Etfh+8g9\\r\\nLkAdcU782eM67C99+n\\/pGfp\\/wte\\/YNk+C30RmNPq57OP7Qy2Ed7f83r76ZibcT5K\\r\\nxNnY9+ysn4m1iqejdGhP7nvWeVyDOSgj2BdR5p6X8zwH5Rktbom617M\\/6o9EP6PN\\r\\nQ\\/8jsa7Emeeife7TptMfqYj5XIO+2n8652SccS7Gz7llOv2c7GOJOI2BMQXrCq87\\r\\n7dybMedmrTsbY2ejPYvT2cY+p7a4GXXE2U\\/tcdZTp9MY0Ycx1COwVvNyX\\/SfwsA8\\r\\nxqlnce7N0ylnPiXi1LNQIrw++mPNU6aT0X\\/ymU9VnIHyDLYZN2WgfgbqDvR7X5bs\\r\\nPyniKSgd6Ds9w+tOfzL6epyI+omnYQ4Dc9nWOOvz4FzHk6J+EtqPYJza+x9x2pPQ\\r\\nrsFxtE+5UYH6iYgT0I44FSXiERmtP8cfcQrn9uA+x59yQwTnH...
[JSONWP Proxy] Replacing sessionId B0DD2F59-7396-45BF-8A85-BD8DC3921795 with a685cd42-841d-415e-82e8-8f1ae9080d23
[HTTP] <-- GET /wd/hub/session/a685cd42-841d-415e-82e8-8f1ae9080d23/screenshot 200 78 ms - 825378 
[HTTP] --> POST /wd/hub/session/a685cd42-841d-415e-82e8-8f1ae9080d23/element/EF264776-9A6E-4CF1-96C6-5432E21720F8/click {}
[MJSONWP] Driver proxy active, passing request on via HTTP proxy
[debug] [XCUITest] Executing command 'proxyReqRes'
[debug] [JSONWP Proxy] Proxying [POST /wd/hub/session/a685cd42-841d-415e-82e8-8f1ae9080d23/element/EF264776-9A6E-4CF1-96C6-5432E21720F8/click] to [POST http://localhost:8100/session/B0DD2F59-7396-45BF-8A85-BD8DC3921795/element/EF264776-9A6E-4CF1-96C6-5432E21720F8/click] with body: {}
[debug] [JSONWP Proxy] Got response with status 200: {"status":0,"id":"EF264776-9A6E-4CF1-96C6-5432E21720F8","value":"","sessionId":"B0DD2F59-7396-45BF-8A85-BD8DC3921795"}
[JSONWP Proxy] Replacing sessionId B0DD2F59-7396-45BF-8A85-BD8DC3921795 with a685cd42-841d-415e-82e8-8f1ae9080d23
[HTTP] <-- POST /wd/hub/session/a685cd42-841d-415e-82e8-8f1ae9080d23/element/EF264776-9A6E-4CF1-96C6-5432E21720F8/click 200 994 ms - 118 
[HTTP] --> POST /wd/hub/session/a685cd42-841d-415e-82e8-8f1ae9080d23/elements {"using":"class name","value":"Link"}
[debug] [MJSONWP] Calling AppiumDriver.findElements() with args: ["class name","Link","a685cd42-841d-415e-82e8-8f1ae9080d23"]
[debug] [XCUITest] Executing command 'findElements'
[debug] [BaseDriver] Valid locator strategies for this request: xpath, id, name, class name, -ios predicate string, accessibility id
[XCUITest] Rewrote incoming selector from 'Link' to 'XCUIElementTypeLink' to match XCUI type. You should consider updating your tests to use the new selectors directly
[debug] [BaseDriver] Waiting up to 0 ms for condition
[debug] [JSONWP Proxy] Proxying [POST /elements] to [POST http://localhost:8100/session/B0DD2F59-7396-45BF-8A85-BD8DC3921795/elements] with body: {"using":"class name","value":"XCUIElementTypeLink"}
[debug] [JSONWP Proxy] Got response with status 200: {"value":[{"ELEMENT":"32C16EC5-8704-4FE8-9938-24BF1DFFC6BB","type":"XCUIElementTypeLink","label":null},{"ELEMENT":"BA04248F-42E5-43DD-998D-D00E0E89FE22","type":"XCUIElementTypeLink","label":null},{"ELEMENT":"3E8A16F0-DFBE-4BE3-AAF5-E9EFCDC8679F","type":"XCUIElementTypeLink","label":null}],"sessionId":"B0DD2F59-7396-45BF-8A85-BD8DC3921795","status":0}
[debug] [MJSONWP] Responding to client with driver.findElements() result: [{"ELEMENT":"32C16EC5-8704-4FE8-9938-24BF1DFFC6BB","type":"XCUIElementTypeLink","label":null},{"ELEMENT":"BA04248F-42E5-43DD-998D-D00E0E89FE22","type":"XCUIElementTypeLink","label":null},{"ELEMENT":"3E8A16F0-DFBE-4BE3-AAF5-E9EFCDC8679F","type":"XCUIElementTypeLink","label":null}]
[HTTP] <-- POST /wd/hub/session/a685cd42-841d-415e-82e8-8f1ae9080d23/elements 200 423 ms - 352 
[HTTP] --> GET /wd/hub/session/a685cd42-841d-415e-82e8-8f1ae9080d23/element/32C16EC5-8704-4FE8-9938-24BF1DFFC6BB/displayed {}
[MJSONWP] Driver proxy active, passing request on via HTTP proxy
[debug] [XCUITest] Executing command 'proxyReqRes'
[debug] [JSONWP Proxy] Proxying [GET /wd/hub/session/a685cd42-841d-415e-82e8-8f1ae9080d23/element/32C16EC5-8704-4FE8-9938-24BF1DFFC6BB/displayed] to [GET http://localhost:8100/session/B0DD2F59-7396-45BF-8A85-BD8DC3921795/element/32C16EC5-8704-4FE8-9938-24BF1DFFC6BB/displayed] with body: {}
[debug] [JSONWP Proxy] Got response with status 200: "{\n  \"value\" : true,\n  \"sessionId\" : \"B0DD2F59-7396-45BF-8A85-BD8DC3921795\",\n  \"status\" : 0\n}"
[JSONWP Proxy] Replacing sessionId B0DD2F59-7396-45BF-8A85-BD8DC3921795 with a685cd42-841d-415e-82e8-8f1ae9080d23
[HTTP] <-- GET /wd/hub/session/a685cd42-841d-415e-82e8-8f1ae9080d23/element/32C16EC5-8704-4FE8-9938-24BF1DFFC6BB/displayed 200 190 ms - 76 
[HTTP] --> GET /wd/hub/session/a685cd42-841d-415e-82e8-8f1ae9080d23/screenshot {}
[MJSONWP] Driver proxy active, passing request on via HTTP proxy
[debug] [XCUITest] Executing command 'proxyReqRes'
[debug] [JSONWP Proxy] Proxying [GET /wd/hub/session/a685cd42-841d-415e-82e8-8f1ae9080d23/screenshot] to [GET http://localhost:8100/session/B0DD2F59-7396-45BF-8A85-BD8DC3921795/screenshot] with body: {}
[debug] [JSONWP Proxy] Got response with status 200: "{\n  \"value\" : \"iVBORw0KGgoAAAANSUhEUgAAAu4AAAU2CAYAAADK1zMGAAAAAXNSR0IArs4c6QAA\\r\\nABxpRE9UAAAAAgAAAAAAAAKbAAAAKAAAApsAAAKbAAFERGXDRHIAAEAASURBVHgB\\r\\n7L0H+DxJWTW6LAsLLCxpl4VdkoAgQdIHiEgGQQT1Uy8GzOl6zdd8zRj49Koo5owS\\r\\nJKhXfcw5YMAcMH4mjMCS2UXMzp0z7Plx\\/vWvmre7qmu6e+b8nmd+b3VVvaHeOlV9\\r\\npqen54ILLrhg45dzYAwYA8aAMWAMGAPGgDFgDCweA4sP0G8s\\/ObKGDAGjAFjwBgw\\r\\nBowBY8AY8Dsrv3ExBowBY8AYMAaMAWPAGDAGVoGBVQTpd1h+l20MGAPGgDFgDBgD\\r\\nxoAxcOoYMHH3O0xjwBgwBowBY8AYMAaMAWNgBRjwJK1gkk793aXH7yssxoAxYAwY\\r\\nA8aAMWAMmLT6jYsxYAwYA8aAMWAMGAPGgDGwCgysIki\\/w\\/K7bGPAGDAGjAFjwBgw\\r\\nBoyBU8eAibvfYRoDxoAxYAwYA8aAMWAMGAMrwIAnaQWTdOrvLj1+X2ExBowBY8AY\\r\\nMAaMAWPApNVvXIwBY8AYMAaMAWPAGDAGjIHDYeBRj3pU7ZuQ6YK88Y1vvHnoQx+6\\r\\ne93iFreoDeggeldeeeXmZS972ebXf\\/3XN4h76WC96KKLNk94whM2X\\/7lX775mZ\\/5\\r\\nmc3LX\\/7yzRvf+MbNf\\/\\/3f+8kjlGPdvRD\\/6WPyfFNt\\/acy8PlEmvr7d\\/+7TdPfOIT\\r\\nNw972MM2l19++aRr7eKLL9688zu\\/8+YhD3nI5oY3vOEo2+h\\/n\\/vcZ\\/Pu7\\/7um3d8\\r\\nx3fc3OhGNxqlbxwdDkfOtXNtDLwNAx\\/4gR+4+e3f\\/u0dpwGvWeI...
[JSONWP Proxy] Replacing sessionId B0DD2F59-7396-45BF-8A85-BD8DC3921795 with a685cd42-841d-415e-82e8-8f1ae9080d23
[HTTP] <-- GET /wd/hub/session/a685cd42-841d-415e-82e8-8f1ae9080d23/screenshot 200 55 ms - 248374 
[HTTP] --> GET /wd/hub/session/a685cd42-841d-415e-82e8-8f1ae9080d23/screenshot {}
[MJSONWP] Driver proxy active, passing request on via HTTP proxy
[debug] [XCUITest] Executing command 'proxyReqRes'
[debug] [JSONWP Proxy] Proxying [GET /wd/hub/session/a685cd42-841d-415e-82e8-8f1ae9080d23/screenshot] to [GET http://localhost:8100/session/B0DD2F59-7396-45BF-8A85-BD8DC3921795/screenshot] with body: {}
[debug] [JSONWP Proxy] Got response with status 200: "{\n  \"value\" : \"iVBORw0KGgoAAAANSUhEUgAAAu4AAAU2CAYAAADK1zMGAAAAAXNSR0IArs4c6QAA\\r\\nABxpRE9UAAAAAgAAAAAAAAKbAAAAKAAAApsAAAKbAAFERGXDRHIAAEAASURBVHgB\\r\\n7L0H+DxJWTW6LAsLLCxpl4VdkoAgQdIHiEgGQQT1Uy8GzOl6zdd8zRj49Koo5owS\\r\\nJKhXfcw5YMAcMH4mjMCS2UXMzp0z7Plx\\/vWvmre7qmu6e+b8nmd+b3VVvaHeOlV9\\r\\npqen54ILLrhg45dzYAwYA8aAMWAMGAPGgDFgDCweA4sP0G8s\\/ObKGDAGjAFjwBgw\\r\\nBowBY8AY8Dsrv3ExBowBY8AYMAaMAWPAGDAGVoGBVQTpd1h+l20MGAPGgDFgDBgD\\r\\nxoAxcOoYMHH3O0xjwBgwBowBY8AYMAaMAWNgBRjwJK1gkk793aXH7yssxoAxYAwY\\r\\nA8aAMWAMmLT6jYsxYAwYA8aAMWAMGAPGgDGwCgysIki\\/w\\/K7bGPAGDAGjAFjwBgw\\r\\nBoyBU8eAibvfYRoDxoAxYAwYA8aAMWAMGAMrwIAnaQWTdOrvLj1+X2ExBowBY8AY\\r\\nMAaMAWPApNVvXIwBY8AYMAaMAWPAGDAGjIHDYeBRj3pU7ZuQ6YK88Y1vvHnoQx+6\\r\\ne93iFreoDeggeldeeeXmZS972ebXf\\/3XN4h76WC96KKLNk94whM2X\\/7lX775mZ\\/5\\r\\nmc3LX\\/7yzRvf+MbNf\\/\\/3f+8kjlGPdvRD\\/6WPyfFNt\\/acy8PlEmvr7d\\/+7TdPfOIT\\r\\nNw972MM2l19++aRr7eKLL9688zu\\/8+YhD3nI5oY3vOEo2+h\\/n\\/vcZ\\/Pu7\\/7um3d8\\r\\nx3fc3OhGNxqlbxwdDkfOtXNtDLwNAx\\/4gR+4+e3f\\/u0dpwGvWeI...
[JSONWP Proxy] Replacing sessionId B0DD2F59-7396-45BF-8A85-BD8DC3921795 with a685cd42-841d-415e-82e8-8f1ae9080d23
[HTTP] <-- GET /wd/hub/session/a685cd42-841d-415e-82e8-8f1ae9080d23/screenshot 200 41 ms - 248374 
[HTTP] --> POST /wd/hub/session/a685cd42-841d-415e-82e8-8f1ae9080d23/element/32C16EC5-8704-4FE8-9938-24BF1DFFC6BB/click {}
[MJSONWP] Driver proxy active, passing request on via HTTP proxy
[debug] [XCUITest] Executing command 'proxyReqRes'
[debug] [JSONWP Proxy] Proxying [POST /wd/hub/session/a685cd42-841d-415e-82e8-8f1ae9080d23/element/32C16EC5-8704-4FE8-9938-24BF1DFFC6BB/click] to [POST http://localhost:8100/session/B0DD2F59-7396-45BF-8A85-BD8DC3921795/element/32C16EC5-8704-4FE8-9938-24BF1DFFC6BB/click] with body: {}
[debug] [JSONWP Proxy] Got response with status 200: {"status":0,"id":"32C16EC5-8704-4FE8-9938-24BF1DFFC6BB","value":"","sessionId":"B0DD2F59-7396-45BF-8A85-BD8DC3921795"}
[JSONWP Proxy] Replacing sessionId B0DD2F59-7396-45BF-8A85-BD8DC3921795 with a685cd42-841d-415e-82e8-8f1ae9080d23
[HTTP] <-- POST /wd/hub/session/a685cd42-841d-415e-82e8-8f1ae9080d23/element/32C16EC5-8704-4FE8-9938-24BF1DFFC6BB/click 200 1199 ms - 118 
[HTTP] --> POST /wd/hub/session/a685cd42-841d-415e-82e8-8f1ae9080d23/elements {"using":"class name","value":"StaticText"}
[debug] [MJSONWP] Calling AppiumDriver.findElements() with args: ["class name","StaticText","a685cd42-841d-415e-82e8-8f1ae9080d23"]
[debug] [XCUITest] Executing command 'findElements'
[debug] [BaseDriver] Valid locator strategies for this request: xpath, id, name, class name, -ios predicate string, accessibility id
[XCUITest] Rewrote incoming selector from 'StaticText' to 'XCUIElementTypeStaticText' to match XCUI type. You should consider updating your tests to use the new selectors directly
[debug] [BaseDriver] Waiting up to 0 ms for condition
[debug] [JSONWP Proxy] Proxying [POST /elements] to [POST http://localhost:8100/session/B0DD2F59-7396-45BF-8A85-BD8DC3921795/elements] with body: {"using":"class name","value":"XCUIElementTypeStaticText"}
[debug] [JSONWP Proxy] Got response with status 200: {"value":[{"ELEMENT":"48FF610D-F8BB-4941-826E-04BF22DE2B2C","type":"XCUIElementTypeStaticText","label":""},{"ELEMENT":"7B4D57CE-86B5-4AB1-9CC2-7735C81AA0F8","type":"XCUIElementTypeStaticText","label":"【新手指南】小达教你轻松玩转达人店"},{"ELEMENT":"4EA3ADEA-C406-4E6B-9FC0-AA81E5062B40","type":"XCUIElementTypeStaticText","label":"【新手指南】小达教你轻松玩转达人店"},{"ELEMENT":"8BBFE9EF-D8FD-4451-9751-E4D0471CD199","type":"XCUIElementTypeStaticText","label":"2016-09-30"},{"ELEMENT":"8E5B307A-AE3E-4A63-9662-3154B3C9F4E4","type":"XCUIElementTypeStaticText","label":"尚妆达人店"}],"sessionId":"B0DD2F59-7396-45BF-8A85-BD8DC3921795","status":0}
[debug] [MJSONWP] Responding to client with driver.findElements() result: [{"ELEMENT":"48FF610D-F8BB-4941-826E-04BF22DE2B2C","type":"XCUIElementTypeStaticText","label":""},{"ELEMENT":"7B4D57CE-86B5-4AB1-9CC2-7735C81AA0F8","type":"XCUIElementTypeStaticText","label":"【新手指南】小达教你轻松玩转达人店"},{"ELEMENT":"4EA3ADEA-C406-4E6B-9FC0-AA81E5062B40","type":"XCUIElementTypeStaticText","label":"【新手指南】小达教你轻松玩转达人店"},{"ELEMENT":"8BBFE9EF-D8FD-4451-9751-E4D0471CD199","type":"XCUIElementTypeStaticText","label":"2016-09-30"},{"ELEMENT":"8E5B307A-AE3E-4A63-9662-3154B3C9F4E4","type":"XCUIElementTypeStaticText","label":"尚妆达人店"}]
[HTTP] <-- POST /wd/hub/session/a685cd42-841d-415e-82e8-8f1ae9080d23/elements 200 1261 ms - 688 
[HTTP] --> GET /wd/hub/session/a685cd42-841d-415e-82e8-8f1ae9080d23/element/8BBFE9EF-D8FD-4451-9751-E4D0471CD199/displayed {}
[MJSONWP] Driver proxy active, passing request on via HTTP proxy
[debug] [XCUITest] Executing command 'proxyReqRes'
[debug] [JSONWP Proxy] Proxying [GET /wd/hub/session/a685cd42-841d-415e-82e8-8f1ae9080d23/element/8BBFE9EF-D8FD-4451-9751-E4D0471CD199/displayed] to [GET http://localhost:8100/session/B0DD2F59-7396-45BF-8A85-BD8DC3921795/element/8BBFE9EF-D8FD-4451-9751-E4D0471CD199/displayed] with body: {}
[debug] [JSONWP Proxy] Got response with status 200: "{\n  \"value\" : false,\n  \"sessionId\" : \"B0DD2F59-7396-45BF-8A85-BD8DC3921795\",\n  \"status\" : 0\n}"
[JSONWP Proxy] Replacing sessionId B0DD2F59-7396-45BF-8A85-BD8DC3921795 with a685cd42-841d-415e-82e8-8f1ae9080d23
[HTTP] <-- GET /wd/hub/session/a685cd42-841d-415e-82e8-8f1ae9080d23/element/8BBFE9EF-D8FD-4451-9751-E4D0471CD199/displayed 200 563 ms - 77 
[HTTP] --> GET /wd/hub/session/a685cd42-841d-415e-82e8-8f1ae9080d23/element/8BBFE9EF-D8FD-4451-9751-E4D0471CD199/displayed {}
[MJSONWP] Driver proxy active, passing request on via HTTP proxy
[debug] [XCUITest] Executing command 'proxyReqRes'
[debug] [JSONWP Proxy] Proxying [GET /wd/hub/session/a685cd42-841d-415e-82e8-8f1ae9080d23/element/8BBFE9EF-D8FD-4451-9751-E4D0471CD199/displayed] to [GET http://localhost:8100/session/B0DD2F59-7396-45BF-8A85-BD8DC3921795/element/8BBFE9EF-D8FD-4451-9751-E4D0471CD199/displayed] with body: {}
[debug] [JSONWP Proxy] Got response with status 200: "{\n  \"value\" : false,\n  \"sessionId\" : \"B0DD2F59-7396-45BF-8A85-BD8DC3921795\",\n  \"status\" : 0\n}"
[JSONWP Proxy] Replacing sessionId B0DD2F59-7396-45BF-8A85-BD8DC3921795 with a685cd42-841d-415e-82e8-8f1ae9080d23
[HTTP] <-- GET /wd/hub/session/a685cd42-841d-415e-82e8-8f1ae9080d23/element/8BBFE9EF-D8FD-4451-9751-E4D0471CD199/displayed 200 503 ms - 77 
[HTTP] --> POST /wd/hub/session/a685cd42-841d-415e-82e8-8f1ae9080d23/execute {"script":"mobile: scroll","args":[{"direction":"down"}]}
[debug] [MJSONWP] Calling AppiumDriver.execute() with args: ["mobile: scroll",[{"direction":"down"}],"a685cd42-841d-415e-82e8-8f1ae9080d23"]
[debug] [XCUITest] Executing command 'execute'
[debug] [BaseDriver] Valid locator strategies for this request: xpath, id, name, class name, -ios predicate string, accessibility id
[debug] [BaseDriver] Waiting up to 0 ms for condition
[debug] [JSONWP Proxy] Proxying [POST /element] to [POST http://localhost:8100/session/B0DD2F59-7396-45BF-8A85-BD8DC3921795/element] with body: {"using":"class name","value":"XCUIElementTypeApplication"}
[debug] [JSONWP Proxy] Got response with status 200: {"value":{"ELEMENT":"DCF0B436-67A0-4EB8-8A28-8A40941BB487","type":"XCUIElementTypeApplication","label":"达人店"},"sessionId":"B0DD2F59-7396-45BF-8A85-BD8DC3921795","status":0}
[debug] [JSONWP Proxy] Proxying [POST /uiaElement/DCF0B436-67A0-4EB8-8A28-8A40941BB487/scroll] to [POST http://localhost:8100/session/B0DD2F59-7396-45BF-8A85-BD8DC3921795/uiaElement/DCF0B436-67A0-4EB8-8A28-8A40941BB487/scroll] with body: {"direction":"down"}
[debug] [JSONWP Proxy] Got response with status 200: {"value":{},"sessionId":"B0DD2F59-7396-45BF-8A85-BD8DC3921795","status":0}
[debug] [MJSONWP] Responding to client with driver.execute() result: null
[HTTP] <-- POST /wd/hub/session/a685cd42-841d-415e-82e8-8f1ae9080d23/execute 200 8342 ms - 76 
[HTTP] --> GET /wd/hub/session/a685cd42-841d-415e-82e8-8f1ae9080d23/element/8BBFE9EF-D8FD-4451-9751-E4D0471CD199/displayed {}
[MJSONWP] Driver proxy active, passing request on via HTTP proxy
[debug] [XCUITest] Executing command 'proxyReqRes'
[debug] [JSONWP Proxy] Proxying [GET /wd/hub/session/a685cd42-841d-415e-82e8-8f1ae9080d23/element/8BBFE9EF-D8FD-4451-9751-E4D0471CD199/displayed] to [GET http://localhost:8100/session/B0DD2F59-7396-45BF-8A85-BD8DC3921795/element/8BBFE9EF-D8FD-4451-9751-E4D0471CD199/displayed] with body: {}
[debug] [JSONWP Proxy] Got response with status 200: "{\n  \"value\" : false,\n  \"sessionId\" : \"B0DD2F59-7396-45BF-8A85-BD8DC3921795\",\n  \"status\" : 0\n}"
[JSONWP Proxy] Replacing sessionId B0DD2F59-7396-45BF-8A85-BD8DC3921795 with a685cd42-841d-415e-82e8-8f1ae9080d23
[HTTP] <-- GET /wd/hub/session/a685cd42-841d-415e-82e8-8f1ae9080d23/element/8BBFE9EF-D8FD-4451-9751-E4D0471CD199/displayed 200 459 ms - 77 
[HTTP] --> POST /wd/hub/session/a685cd42-841d-415e-82e8-8f1ae9080d23/execute {"script":"mobile: scroll","args":[{"direction":"down"}]}
[debug] [MJSONWP] Calling AppiumDriver.execute() with args: ["mobile: scroll",[{"direction":"down"}],"a685cd42-841d-415e-82e8-8f1ae9080d23"]
[debug] [XCUITest] Executing command 'execute'
[debug] [BaseDriver] Valid locator strategies for this request: xpath, id, name, class name, -ios predicate string, accessibility id
[debug] [BaseDriver] Waiting up to 0 ms for condition
[debug] [JSONWP Proxy] Proxying [POST /element] to [POST http://localhost:8100/session/B0DD2F59-7396-45BF-8A85-BD8DC3921795/element] with body: {"using":"class name","value":"XCUIElementTypeApplication"}
[debug] [JSONWP Proxy] Got response with status 200: {"value":{"ELEMENT":"230700C0-7596-4D50-89BF-1CFA73C7526A","type":"XCUIElementTypeApplication","label":"达人店"},"sessionId":"B0DD2F59-7396-45BF-8A85-BD8DC3921795","status":0}
[debug] [JSONWP Proxy] Proxying [POST /uiaElement/230700C0-7596-4D50-89BF-1CFA73C7526A/scroll] to [POST http://localhost:8100/session/B0DD2F59-7396-45BF-8A85-BD8DC3921795/uiaElement/230700C0-7596-4D50-89BF-1CFA73C7526A/scroll] with body: {"direction":"down"}
[debug] [JSONWP Proxy] Got response with status 200: {"value":{},"sessionId":"B0DD2F59-7396-45BF-8A85-BD8DC3921795","status":0}
[debug] [MJSONWP] Responding to client with driver.execute() result: null
[HTTP] <-- POST /wd/hub/session/a685cd42-841d-415e-82e8-8f1ae9080d23/execute 200 8223 ms - 76 
[HTTP] --> GET /wd/hub/session/a685cd42-841d-415e-82e8-8f1ae9080d23/element/8BBFE9EF-D8FD-4451-9751-E4D0471CD199/displayed {}
[MJSONWP] Driver proxy active, passing request on via HTTP proxy
[debug] [XCUITest] Executing command 'proxyReqRes'
[debug] [JSONWP Proxy] Proxying [GET /wd/hub/session/a685cd42-841d-415e-82e8-8f1ae9080d23/element/8BBFE9EF-D8FD-4451-9751-E4D0471CD199/displayed] to [GET http://localhost:8100/session/B0DD2F59-7396-45BF-8A85-BD8DC3921795/element/8BBFE9EF-D8FD-4451-9751-E4D0471CD199/displayed] with body: {}
[debug] [JSONWP Proxy] Got response with status 200: "{\n  \"value\" : false,\n  \"sessionId\" : \"B0DD2F59-7396-45BF-8A85-BD8DC3921795\",\n  \"status\" : 0\n}"
[JSONWP Proxy] Replacing sessionId B0DD2F59-7396-45BF-8A85-BD8DC3921795 with a685cd42-841d-415e-82e8-8f1ae9080d23
[HTTP] <-- GET /wd/hub/session/a685cd42-841d-415e-82e8-8f1ae9080d23/element/8BBFE9EF-D8FD-4451-9751-E4D0471CD199/displayed 200 469 ms - 77 
[HTTP] --> POST /wd/hub/session/a685cd42-841d-415e-82e8-8f1ae9080d23/execute {"script":"mobile: scroll","args":[{"direction":"down"}]}
[debug] [MJSONWP] Calling AppiumDriver.execute() with args: ["mobile: scroll",[{"direction":"down"}],"a685cd42-841d-415e-82e8-8f1ae9080d23"]
[debug] [XCUITest] Executing command 'execute'
[debug] [BaseDriver] Valid locator strategies for this request: xpath, id, name, class name, -ios predicate string, accessibility id
[debug] [BaseDriver] Waiting up to 0 ms for condition
[debug] [JSONWP Proxy] Proxying [POST /element] to [POST http://localhost:8100/session/B0DD2F59-7396-45BF-8A85-BD8DC3921795/element] with body: {"using":"class name","value":"XCUIElementTypeApplication"}
[debug] [JSONWP Proxy] Got response with status 200: {"value":{"ELEMENT":"BB2C036C-8E3A-4C82-8AC8-C8002A9A81E9","type":"XCUIElementTypeApplication","label":"达人店"},"sessionId":"B0DD2F59-7396-45BF-8A85-BD8DC3921795","status":0}
[debug] [JSONWP Proxy] Proxying [POST /uiaElement/BB2C036C-8E3A-4C82-8AC8-C8002A9A81E9/scroll] to [POST http://localhost:8100/session/B0DD2F59-7396-45BF-8A85-BD8DC3921795/uiaElement/BB2C036C-8E3A-4C82-8AC8-C8002A9A81E9/scroll] with body: {"direction":"down"}
[debug] [JSONWP Proxy] Got response with status 200: {"value":{},"sessionId":"B0DD2F59-7396-45BF-8A85-BD8DC3921795","status":0}
[debug] [MJSONWP] Responding to client with driver.execute() result: null
[HTTP] <-- POST /wd/hub/session/a685cd42-841d-415e-82e8-8f1ae9080d23/execute 200 8367 ms - 76 
[HTTP] --> GET /wd/hub/session/a685cd42-841d-415e-82e8-8f1ae9080d23/element/8BBFE9EF-D8FD-4451-9751-E4D0471CD199/displayed {}
[MJSONWP] Driver proxy active, passing request on via HTTP proxy
[debug] [XCUITest] Executing command 'proxyReqRes'
[debug] [JSONWP Proxy] Proxying [GET /wd/hub/session/a685cd42-841d-415e-82e8-8f1ae9080d23/element/8BBFE9EF-D8FD-4451-9751-E4D0471CD199/displayed] to [GET http://localhost:8100/session/B0DD2F59-7396-45BF-8A85-BD8DC3921795/element/8BBFE9EF-D8FD-4451-9751-E4D0471CD199/displayed] with body: {}
[debug] [JSONWP Proxy] Got response with status 200: "{\n  \"value\" : false,\n  \"sessionId\" : \"B0DD2F59-7396-45BF-8A85-BD8DC3921795\",\n  \"status\" : 0\n}"
[JSONWP Proxy] Replacing sessionId B0DD2F59-7396-45BF-8A85-BD8DC3921795 with a685cd42-841d-415e-82e8-8f1ae9080d23
[HTTP] <-- GET /wd/hub/session/a685cd42-841d-415e-82e8-8f1ae9080d23/element/8BBFE9EF-D8FD-4451-9751-E4D0471CD199/displayed 200 478 ms - 77 
[HTTP] --> POST /wd/hub/session/a685cd42-841d-415e-82e8-8f1ae9080d23/execute {"script":"mobile: scroll","args":[{"direction":"up"}]}
[debug] [MJSONWP] Calling AppiumDriver.execute() with args: ["mobile: scroll",[{"direction":"up"}],"a685cd42-841d-415e-82e8-8f1ae9080d23"]
[debug] [XCUITest] Executing command 'execute'
[debug] [BaseDriver] Valid locator strategies for this request: xpath, id, name, class name, -ios predicate string, accessibility id
[debug] [BaseDriver] Waiting up to 0 ms for condition
[debug] [JSONWP Proxy] Proxying [POST /element] to [POST http://localhost:8100/session/B0DD2F59-7396-45BF-8A85-BD8DC3921795/element] with body: {"using":"class name","value":"XCUIElementTypeApplication"}
[debug] [JSONWP Proxy] Got response with status 200: {"value":{"ELEMENT":"414C794E-996B-4FFB-AC70-B3F559018593","type":"XCUIElementTypeApplication","label":"达人店"},"sessionId":"B0DD2F59-7396-45BF-8A85-BD8DC3921795","status":0}
[debug] [JSONWP Proxy] Proxying [POST /uiaElement/414C794E-996B-4FFB-AC70-B3F559018593/scroll] to [POST http://localhost:8100/session/B0DD2F59-7396-45BF-8A85-BD8DC3921795/uiaElement/414C794E-996B-4FFB-AC70-B3F559018593/scroll] with body: {"direction":"up"}
[debug] [JSONWP Proxy] Got response with status 200: {"value":{},"sessionId":"B0DD2F59-7396-45BF-8A85-BD8DC3921795","status":0}
[debug] [MJSONWP] Responding to client with driver.execute() result: null
[HTTP] <-- POST /wd/hub/session/a685cd42-841d-415e-82e8-8f1ae9080d23/execute 200 8385 ms - 76 
[HTTP] --> POST /wd/hub/session/a685cd42-841d-415e-82e8-8f1ae9080d23/execute {"script":"mobile: scroll","args":[{"direction":"up"}]}
[debug] [MJSONWP] Calling AppiumDriver.execute() with args: ["mobile: scroll",[{"direction":"up"}],"a685cd42-841d-415e-82e8-8f1ae9080d23"]
[debug] [XCUITest] Executing command 'execute'
[debug] [BaseDriver] Valid locator strategies for this request: xpath, id, name, class name, -ios predicate string, accessibility id
[debug] [BaseDriver] Waiting up to 0 ms for condition
[debug] [JSONWP Proxy] Proxying [POST /element] to [POST http://localhost:8100/session/B0DD2F59-7396-45BF-8A85-BD8DC3921795/element] with body: {"using":"class name","value":"XCUIElementTypeApplication"}
[debug] [JSONWP Proxy] Got response with status 200: {"value":{"ELEMENT":"F8E4471C-35C3-408F-9EB1-E43FE10CE702","type":"XCUIElementTypeApplication","label":"达人店"},"sessionId":"B0DD2F59-7396-45BF-8A85-BD8DC3921795","status":0}
[debug] [JSONWP Proxy] Proxying [POST /uiaElement/F8E4471C-35C3-408F-9EB1-E43FE10CE702/scroll] to [POST http://localhost:8100/session/B0DD2F59-7396-45BF-8A85-BD8DC3921795/uiaElement/F8E4471C-35C3-408F-9EB1-E43FE10CE702/scroll] with body: {"direction":"up"}
[debug] [JSONWP Proxy] Got response with status 200: {"value":{},"sessionId":"B0DD2F59-7396-45BF-8A85-BD8DC3921795","status":0}
[debug] [MJSONWP] Responding to client with driver.execute() result: null
[HTTP] <-- POST /wd/hub/session/a685cd42-841d-415e-82e8-8f1ae9080d23/execute 200 8365 ms - 76 
[HTTP] --> POST /wd/hub/session/a685cd42-841d-415e-82e8-8f1ae9080d23/execute {"script":"mobile: scroll","args":[{"direction":"up"}]}
[debug] [MJSONWP] Calling AppiumDriver.execute() with args: ["mobile: scroll",[{"direction":"up"}],"a685cd42-841d-415e-82e8-8f1ae9080d23"]
[debug] [XCUITest] Executing command 'execute'
[debug] [BaseDriver] Valid locator strategies for this request: xpath, id, name, class name, -ios predicate string, accessibility id
[debug] [BaseDriver] Waiting up to 0 ms for condition
[debug] [JSONWP Proxy] Proxying [POST /element] to [POST http://localhost:8100/session/B0DD2F59-7396-45BF-8A85-BD8DC3921795/element] with body: {"using":"class name","value":"XCUIElementTypeApplication"}
[debug] [JSONWP Proxy] Got response with status 200: {"value":{"ELEMENT":"C4E6F7BD-6A0D-4D10-A5BB-083905E29B7A","type":"XCUIElementTypeApplication","label":"达人店"},"sessionId":"B0DD2F59-7396-45BF-8A85-BD8DC3921795","status":0}
[debug] [JSONWP Proxy] Proxying [POST /uiaElement/C4E6F7BD-6A0D-4D10-A5BB-083905E29B7A/scroll] to [POST http://localhost:8100/session/B0DD2F59-7396-45BF-8A85-BD8DC3921795/uiaElement/C4E6F7BD-6A0D-4D10-A5BB-083905E29B7A/scroll] with body: {"direction":"up"}
[debug] [JSONWP Proxy] Got response with status 200: {"value":{},"sessionId":"B0DD2F59-7396-45BF-8A85-BD8DC3921795","status":0}
[debug] [MJSONWP] Responding to client with driver.execute() result: null
[HTTP] <-- POST /wd/hub/session/a685cd42-841d-415e-82e8-8f1ae9080d23/execute 200 8207 ms - 76 
[HTTP] --> POST /wd/hub/session/a685cd42-841d-415e-82e8-8f1ae9080d23/execute {"script":"mobile: scroll","args":[{"direction":"up"}]}
[debug] [MJSONWP] Calling AppiumDriver.execute() with args: ["mobile: scroll",[{"direction":"up"}],"a685cd42-841d-415e-82e8-8f1ae9080d23"]
[debug] [XCUITest] Executing command 'execute'
[debug] [BaseDriver] Valid locator strategies for this request: xpath, id, name, class name, -ios predicate string, accessibility id
[debug] [BaseDriver] Waiting up to 0 ms for condition
[debug] [JSONWP Proxy] Proxying [POST /element] to [POST http://localhost:8100/session/B0DD2F59-7396-45BF-8A85-BD8DC3921795/element] with body: {"using":"class name","value":"XCUIElementTypeApplication"}
[debug] [JSONWP Proxy] Got response with status 200: {"value":{"ELEMENT":"8D8748AF-110F-4214-B965-EE94766F5D7A","type":"XCUIElementTypeApplication","label":"达人店"},"sessionId":"B0DD2F59-7396-45BF-8A85-BD8DC3921795","status":0}
[debug] [JSONWP Proxy] Proxying [POST /uiaElement/8D8748AF-110F-4214-B965-EE94766F5D7A/scroll] to [POST http://localhost:8100/session/B0DD2F59-7396-45BF-8A85-BD8DC3921795/uiaElement/8D8748AF-110F-4214-B965-EE94766F5D7A/scroll] with body: {"direction":"up"}
[debug] [JSONWP Proxy] Got response with status 200: {"value":{},"sessionId":"B0DD2F59-7396-45BF-8A85-BD8DC3921795","status":0}
[debug] [MJSONWP] Responding to client with driver.execute() result: null
[HTTP] <-- POST /wd/hub/session/a685cd42-841d-415e-82e8-8f1ae9080d23/execute 200 8311 ms - 76 
[HTTP] --> GET /wd/hub/session/a685cd42-841d-415e-82e8-8f1ae9080d23/element/8BBFE9EF-D8FD-4451-9751-E4D0471CD199/displayed {}
[MJSONWP] Driver proxy active, passing request on via HTTP proxy
[debug] [XCUITest] Executing command 'proxyReqRes'
[debug] [JSONWP Proxy] Proxying [GET /wd/hub/session/a685cd42-841d-415e-82e8-8f1ae9080d23/element/8BBFE9EF-D8FD-4451-9751-E4D0471CD199/displayed] to [GET http://localhost:8100/session/B0DD2F59-7396-45BF-8A85-BD8DC3921795/element/8BBFE9EF-D8FD-4451-9751-E4D0471CD199/displayed] with body: {}
[debug] [JSONWP Proxy] Got response with status 200: "{\n  \"value\" : false,\n  \"sessionId\" : \"B0DD2F59-7396-45BF-8A85-BD8DC3921795\",\n  \"status\" : 0\n}"
[JSONWP Proxy] Replacing sessionId B0DD2F59-7396-45BF-8A85-BD8DC3921795 with a685cd42-841d-415e-82e8-8f1ae9080d23
[HTTP] <-- GET /wd/hub/session/a685cd42-841d-415e-82e8-8f1ae9080d23/element/8BBFE9EF-D8FD-4451-9751-E4D0471CD199/displayed 200 496 ms - 77 
[HTTP] --> POST /wd/hub/session/a685cd42-841d-415e-82e8-8f1ae9080d23/execute {"script":"mobile: scroll","args":[{"direction":"up"}]}
[debug] [MJSONWP] Calling AppiumDriver.execute() with args: ["mobile: scroll",[{"direction":"up"}],"a685cd42-841d-415e-82e8-8f1ae9080d23"]
[debug] [XCUITest] Executing command 'execute'
[debug] [BaseDriver] Valid locator strategies for this request: xpath, id, name, class name, -ios predicate string, accessibility id
[debug] [BaseDriver] Waiting up to 0 ms for condition
[debug] [JSONWP Proxy] Proxying [POST /element] to [POST http://localhost:8100/session/B0DD2F59-7396-45BF-8A85-BD8DC3921795/element] with body: {"using":"class name","value":"XCUIElementTypeApplication"}
[debug] [JSONWP Proxy] Got response with status 200: {"value":{"ELEMENT":"5CBB999D-C407-4BD3-BE4A-58FB2DC7BAB7","type":"XCUIElementTypeApplication","label":"达人店"},"sessionId":"B0DD2F59-7396-45BF-8A85-BD8DC3921795","status":0}
[debug] [JSONWP Proxy] Proxying [POST /uiaElement/5CBB999D-C407-4BD3-BE4A-58FB2DC7BAB7/scroll] to [POST http://localhost:8100/session/B0DD2F59-7396-45BF-8A85-BD8DC3921795/uiaElement/5CBB999D-C407-4BD3-BE4A-58FB2DC7BAB7/scroll] with body: {"direction":"up"}
[debug] [JSONWP Proxy] Got response with status 200: {"value":{},"sessionId":"B0DD2F59-7396-45BF-8A85-BD8DC3921795","status":0}
[debug] [MJSONWP] Responding to client with driver.execute() result: null
[HTTP] <-- POST /wd/hub/session/a685cd42-841d-415e-82e8-8f1ae9080d23/execute 200 8427 ms - 76 
[HTTP] --> GET /wd/hub/session/a685cd42-841d-415e-82e8-8f1ae9080d23/element/8BBFE9EF-D8FD-4451-9751-E4D0471CD199/displayed {}
[MJSONWP] Driver proxy active, passing request on via HTTP proxy
[debug] [XCUITest] Executing command 'proxyReqRes'
[debug] [JSONWP Proxy] Proxying [GET /wd/hub/session/a685cd42-841d-415e-82e8-8f1ae9080d23/element/8BBFE9EF-D8FD-4451-9751-E4D0471CD199/displayed] to [GET http://localhost:8100/session/B0DD2F59-7396-45BF-8A85-BD8DC3921795/element/8BBFE9EF-D8FD-4451-9751-E4D0471CD199/displayed] with body: {}
[debug] [JSONWP Proxy] Got response with status 200: "{\n  \"value\" : true,\n  \"sessionId\" : \"B0DD2F59-7396-45BF-8A85-BD8DC3921795\",\n  \"status\" : 0\n}"
[JSONWP Proxy] Replacing sessionId B0DD2F59-7396-45BF-8A85-BD8DC3921795 with a685cd42-841d-415e-82e8-8f1ae9080d23
[HTTP] <-- GET /wd/hub/session/a685cd42-841d-415e-82e8-8f1ae9080d23/element/8BBFE9EF-D8FD-4451-9751-E4D0471CD199/displayed 200 528 ms - 76 
[HTTP] --> GET /wd/hub/session/a685cd42-841d-415e-82e8-8f1ae9080d23/element/8BBFE9EF-D8FD-4451-9751-E4D0471CD199/attribute/value {}
[MJSONWP] Driver proxy active, passing request on via HTTP proxy
[debug] [XCUITest] Executing command 'proxyReqRes'
[debug] [JSONWP Proxy] Proxying [GET /wd/hub/session/a685cd42-841d-415e-82e8-8f1ae9080d23/element/8BBFE9EF-D8FD-4451-9751-E4D0471CD199/attribute/value] to [GET http://localhost:8100/session/B0DD2F59-7396-45BF-8A85-BD8DC3921795/element/8BBFE9EF-D8FD-4451-9751-E4D0471CD199/attribute/value] with body: {}
[debug] [JSONWP Proxy] Got response with status 200: "{\n  \"value\" : \"2016-09-30\",\n  \"sessionId\" : \"B0DD2F59-7396-45BF-8A85-BD8DC3921795\",\n  \"status\" : 0\n}"
[JSONWP Proxy] Replacing sessionId B0DD2F59-7396-45BF-8A85-BD8DC3921795 with a685cd42-841d-415e-82e8-8f1ae9080d23
[HTTP] <-- GET /wd/hub/session/a685cd42-841d-415e-82e8-8f1ae9080d23/element/8BBFE9EF-D8FD-4451-9751-E4D0471CD199/attribute/value 200 508 ms - 84 
[HTTP] --> POST /wd/hub/session/a685cd42-841d-415e-82e8-8f1ae9080d23/elements {"using":"class name","value":"StaticText"}
[debug] [MJSONWP] Calling AppiumDriver.findElements() with args: ["class name","StaticText","a685cd42-841d-415e-82e8-8f1ae9080d23"]
[debug] [XCUITest] Executing command 'findElements'
[debug] [BaseDriver] Valid locator strategies for this request: xpath, id, name, class name, -ios predicate string, accessibility id
[XCUITest] Rewrote incoming selector from 'StaticText' to 'XCUIElementTypeStaticText' to match XCUI type. You should consider updating your tests to use the new selectors directly
[debug] [BaseDriver] Waiting up to 0 ms for condition
[debug] [JSONWP Proxy] Proxying [POST /elements] to [POST http://localhost:8100/session/B0DD2F59-7396-45BF-8A85-BD8DC3921795/elements] with body: {"using":"class name","value":"XCUIElementTypeStaticText"}
[debug] [JSONWP Proxy] Got response with status 200: {"value":[{"ELEMENT":"79CC428F-CCD5-4E5D-8195-214E270D1187","type":"XCUIElementTypeStaticText","label":""},{"ELEMENT":"DC2C766F-6852-4D32-B948-44FFF09FE02E","type":"XCUIElementTypeStaticText","label":"【新手指南】小达教你轻松玩转达人店"},{"ELEMENT":"42FA7BCA-E8CD-4B97-B49E-FA0F04D9758F","type":"XCUIElementTypeStaticText","label":"【新手指南】小达教你轻松玩转达人店"},{"ELEMENT":"EEFB5237-C826-4EF0-BE84-C462825AE866","type":"XCUIElementTypeStaticText","label":"2016-09-30"},{"ELEMENT":"5DD56DBD-E369-47F7-8BB1-E0050F291B7A","type":"XCUIElementTypeStaticText","label":"尚妆达人店"},{"ELEMENT":"EC5B4530-41BD-4BC7-98A8-C4EE09C07788","type":"XCUIElementTypeStaticText","label":"达人店又出新版啦！很多宝宝最近都在问新版达人店到底如何上架&替换产品、如何体现&查看收益、如何联系客服、如何邀请小伙伴一起来开店？今天小达就和大家来详细的聊聊我们达人店的相关操作，从此轻松玩转达人店~"},{"ELEMENT":"560C5AD8-7803-4DA0-A3C6-981AEE474591","type":"XCUIElementTypeStaticText","label":"如何下载达人店"},{"ELEMENT":"37807B2B-3046-4645-81BE-735E1DCE774B","type":"XCUIElementTypeStaticText","label":"1."},{"ELEMENT":"99DFE474-9E46-4F04-BB1B-B4237E89150C","type":"XCUIElementTypeSta...
[debug] [MJSONWP] Responding to client with driver.findElements() result: [{"ELEMENT":"79CC428F-CCD5-4E5D-8195-214E270D1187","type":"XCUIElementTypeStaticText","label":""},{"ELEMENT":"DC2C766F-6852-4D32-B948-44FFF09FE02E","type":"XCUIElementTypeStaticText","label":"【新手指南】小达教你轻松玩转达人店"},{"ELEMENT":"42FA7BCA-E8CD-4B97-B49E-FA0F04D9758F","type":"XCUIElementTypeStaticText","label":"【新手指南】小达教你轻松玩转达人店"},{"ELEMENT":"EEFB5237-C826-4EF0-BE84-C462825AE866","type":"XCUIElementTypeStaticText","label":"2016-09-30"},{"ELEMENT":"5DD56DBD-E369-47F7-8BB1-E0050F291B7A","type":"XCUIElementTypeStaticText","label":"尚妆达人店"},{"ELEMENT":"EC5B4530-41BD-4BC7-98A8-C4EE09C07788","type":"XCUIElementTypeStaticText","label":"达人店又出新版啦！很多宝宝最近都在问新版达人店到底如何上架&替换产品、如何体现&查看收益、如何联系客服、如何邀请小伙伴一起来开店？今天小达就和大家来详细的聊聊我们达人店的相关操作，从此轻松玩转达人店~"},{"ELEMENT":"560C5AD8-7803-4DA0-A3C6-981AEE474591","type":"XCUIElementTypeStaticText","label":"如何下载达人店"},{"ELEMENT":"37807B2B-3046-4645-81BE-735E1DCE774B","type":"XCUIElementTypeStaticText","label":"1."},{"ELEMENT":"99DFE474-9E46-4F04-BB1B-B4237E89150C","type":"XCUIElementTypeStaticText",...
[HTTP] <-- POST /wd/hub/session/a685cd42-841d-415e-82e8-8f1ae9080d23/elements 200 6045 ms - 9490 
[HTTP] --> GET /wd/hub/session/a685cd42-841d-415e-82e8-8f1ae9080d23/element/5DD56DBD-E369-47F7-8BB1-E0050F291B7A/displayed {}
[MJSONWP] Driver proxy active, passing request on via HTTP proxy
[debug] [XCUITest] Executing command 'proxyReqRes'
[debug] [JSONWP Proxy] Proxying [GET /wd/hub/session/a685cd42-841d-415e-82e8-8f1ae9080d23/element/5DD56DBD-E369-47F7-8BB1-E0050F291B7A/displayed] to [GET http://localhost:8100/session/B0DD2F59-7396-45BF-8A85-BD8DC3921795/element/5DD56DBD-E369-47F7-8BB1-E0050F291B7A/displayed] with body: {}
[debug] [JSONWP Proxy] Got response with status 200: "{\n  \"value\" : true,\n  \"sessionId\" : \"B0DD2F59-7396-45BF-8A85-BD8DC3921795\",\n  \"status\" : 0\n}"
[JSONWP Proxy] Replacing sessionId B0DD2F59-7396-45BF-8A85-BD8DC3921795 with a685cd42-841d-415e-82e8-8f1ae9080d23
[HTTP] <-- GET /wd/hub/session/a685cd42-841d-415e-82e8-8f1ae9080d23/element/5DD56DBD-E369-47F7-8BB1-E0050F291B7A/displayed 200 508 ms - 76 
[HTTP] --> GET /wd/hub/session/a685cd42-841d-415e-82e8-8f1ae9080d23/element/5DD56DBD-E369-47F7-8BB1-E0050F291B7A/attribute/value {}
[MJSONWP] Driver proxy active, passing request on via HTTP proxy
[debug] [XCUITest] Executing command 'proxyReqRes'
[debug] [JSONWP Proxy] Proxying [GET /wd/hub/session/a685cd42-841d-415e-82e8-8f1ae9080d23/element/5DD56DBD-E369-47F7-8BB1-E0050F291B7A/attribute/value] to [GET http://localhost:8100/session/B0DD2F59-7396-45BF-8A85-BD8DC3921795/element/5DD56DBD-E369-47F7-8BB1-E0050F291B7A/attribute/value] with body: {}
[debug] [JSONWP Proxy] Got response with status 200: "{\n  \"value\" : \"尚妆达人店\",\n  \"sessionId\" : \"B0DD2F59-7396-45BF-8A85-BD8DC3921795\",\n  \"status\" : 0\n}"
[JSONWP Proxy] Replacing sessionId B0DD2F59-7396-45BF-8A85-BD8DC3921795 with a685cd42-841d-415e-82e8-8f1ae9080d23
[HTTP] <-- GET /wd/hub/session/a685cd42-841d-415e-82e8-8f1ae9080d23/element/5DD56DBD-E369-47F7-8BB1-E0050F291B7A/attribute/value 200 503 ms - 89 
[HTTP] --> GET /wd/hub/session/a685cd42-841d-415e-82e8-8f1ae9080d23/window/current/size {}
[debug] [MJSONWP] Calling AppiumDriver.getWindowSize() with args: ["current","a685cd42-841d-415e-82e8-8f1ae9080d23"]
[debug] [XCUITest] Executing command 'getWindowSize'
[debug] [JSONWP Proxy] Proxying [GET /window/current/size] to [GET http://localhost:8100/session/B0DD2F59-7396-45BF-8A85-BD8DC3921795/window/current/size] with no body
[debug] [JSONWP Proxy] Got response with status 200: "{\n  \"value\" : {\n    \"width\" : 375,\n    \"height\" : 667\n  },\n  \"sessionId\" : \"B0DD2F59-7396-45BF-8A85-BD8DC3921795\",\n  \"status\" : 0\n}"
[debug] [MJSONWP] Responding to client with driver.getWindowSize() result: {"width":375,"height":667}
[HTTP] <-- GET /wd/hub/session/a685cd42-841d-415e-82e8-8f1ae9080d23/window/current/size 200 414 ms - 98 
[HTTP] --> POST /wd/hub/session/a685cd42-841d-415e-82e8-8f1ae9080d23/touch/perform {"actions":[{"action":"press","options":{"x":187,"y":533}},{"action":"wait","options":{"ms":400}},{"action":"moveTo","options":{"x":0,"y":-467}},{"action":"release","options":{}}]}
[debug] [MJSONWP] Calling AppiumDriver.performTouch() with args: [[{"action":"press","options":{"x":187,"y":533}},{"action":"wait","options":{"ms":400}},{"action":"moveTo","options":{"x":0,"y":-467}},{"action":"release","options":{}}],"a685cd42-841d-415e-82e8-8f1ae9080d23"]
[debug] [XCUITest] Executing command 'performTouch'
[debug] [XCUITest] Received the following touch action: press-wait-moveTo-release
[debug] [JSONWP Proxy] Proxying [POST /uiaTarget/0/dragfromtoforduration] to [POST http://localhost:8100/session/B0DD2F59-7396-45BF-8A85-BD8DC3921795/uiaTarget/0/dragfromtoforduration] with body: {"fromX":187,"fromY":533,"toX":187,"toY":66,"duration":0.4}
[debug] [JSONWP Proxy] Got response with status 200: {"value":{},"sessionId":"B0DD2F59-7396-45BF-8A85-BD8DC3921795","status":0}
[debug] [MJSONWP] Responding to client with driver.performTouch() result: {}
[HTTP] <-- POST /wd/hub/session/a685cd42-841d-415e-82e8-8f1ae9080d23/touch/perform 200 3912 ms - 74 
