info sptt: get appium config in cloud
info sptt: after kill the load process, start the new one at remote host
info 准备运行环境
info sptt: get appium config in cloud
info sptt: create a new client
warn sptt: "sleep",current element[mmmm](id) is null, so click is not done
info sptt: sleeping 5000ms
info sptt: "register shop",begin click element[android.widget.LinearLayout|3](className)
info sptt: sleeping 12000ms
info sptt: "wechat auth",begin click the coordinate(540,1190)
info sptt: sleeping 8000ms
info sptt: "input an invite code",begin type element[android.widget.EditText|0](className)
info sptt: "click the button of open a shop",begin click element[//android.widget.FrameLayout[1]/android.widget.LinearLayout[1]/android.widget.FrameLayout[1]/android.widget.RelativeLayout[1]/android.widget.LinearLayout[3]/android.widget.LinearLayout[1]](xpath)
info sptt: sleeping 5000ms
info sptt: check to webview successfully
info sptt: "input tel with phone",begin type element[.bind-area>.mobile-form>.field>.input](css)
info sptt: check to native successfully
info sptt: check to webview successfully
info sptt: "click the button of get captcha",begin click element[.getchk-btn](css)
info sptt: check to native successfully
info sptt: check to webview successfully
info sptt: "input captcha"
info sptt: sleeping 2000ms
info sptt: check to webview successfully
info sptt: "click the bind button",begin click element[.j_BindPhoneBtn](css)
info sptt: check to native successfully
info sptt: sleeping 5000ms
info sptt: check to webview successfully
info sptt: "选择开店礼包",begin click element[.j_GiftItem:nth-child(2)](css)
info sptt: check to native successfully
info sptt: sleeping 1000ms
info sptt: "swipe down",begin swipe page from [540,1449] to [540,181.20000000000002] during 400
info sptt: check to webview successfully
info sptt: "填写姓名",begin type element[input.j_Name](css)
info sptt: check to native successfully
info sptt: check to webview successfully
info sptt: "填写手机号码",begin type element[input.j_Telephone](css)
info sptt: check to native successfully
info sptt: check to webview successfully
info sptt: "触发城市选择框",begin click element[.j_CitySelect](css)
info sptt: check to native successfully
info sptt: "选择收货地址",begin swipe page from [237,1558] to [237.6,1449.6000000000001] during 400
info sptt: check to webview successfully
info sptt: "点击确认收货地址",begin click element[header.bar-nav>.button](css)
info sptt: check to native successfully
info sptt: sleeping 300ms
info sptt: check to webview successfully
info sptt: "填写详细收货地址",begin type element[input.j_AddressDetail](css)
info sptt: check to native successfully
info sptt: check to webview successfully
info sptt: "支付开店费用",begin click element[.j_Pay](css)
info sptt: check to native successfully
info sptt: sleeping 500ms
info sptt: "点击支付宝支付",begin click element[//android.widget.FrameLayout[1]/android.widget.LinearLayout[1]/android.widget.FrameLayout[1]/android.widget.RelativeLayout[1]/android.widget.LinearLayout[2]](xpath)
info sptt: sleeping 20000ms
info sptt: "唤起支付宝支付",begin click element[//android.widget.FrameLayout[1]/android.widget.LinearLayout[1]/android.widget.FrameLayout[1]/android.widget.FrameLayout[1]/android.widget.LinearLayout[1]/android.widget.RelativeLayout[1]/android.widget.RelativeLayout[1]/android.widget.FrameLayout[1]/android.widget.FrameLayout[1]/android.widget.FrameLayout[3]/android.widget.FrameLayout[3]/android.widget.FrameLayout[1]](xpath)
warn sptt: screenshot error with %%android.widget.FrameLayout[1]%android.widget.LinearLayout[1]%android.widget.FrameLayout[1]%android.widget.FrameLayout[1]%android.widget.LinearLayout[1]%android.widget.RelativeLayout[1]%android.widget.RelativeLayout[1]%android.widget.FrameLayout[1]%android.widget.FrameLayout[1]%android.widget.FrameLayout[3]%android.widget.FrameLayout[3]%android.widget.FrameLayout[1]@xpath[click]{4.14-16：34：58}.png
info sptt: sleeping 2000ms
info sptt: "输入支付密码1",begin click element[//android.widget.FrameLayout[1]/android.widget.LinearLayout[1]/android.widget.FrameLayout[1]/android.widget.LinearLayout[1]/android.widget.LinearLayout[1]/android.widget.LinearLayout[3]/android.widget.TextView[3]](xpath)
info sptt: sleeping 100ms
info sptt: "输入支付密码2",begin click element[//android.widget.FrameLayout[1]/android.widget.LinearLayout[1]/android.widget.FrameLayout[1]/android.widget.LinearLayout[1]/android.widget.LinearLayout[1]/android.widget.LinearLayout[4]/android.widget.TextView[2]](xpath)
info sptt: sleeping 100ms
info sptt: "输入支付密码3",begin click element[//android.widget.FrameLayout[1]/android.widget.LinearLayout[1]/android.widget.FrameLayout[1]/android.widget.LinearLayout[1]/android.widget.LinearLayout[1]/android.widget.LinearLayout[4]/android.widget.TextView[2]](xpath)
info sptt: sleeping 100ms
info sptt: "输入支付密码4",begin click element[//android.widget.FrameLayout[1]/android.widget.LinearLayout[1]/android.widget.FrameLayout[1]/android.widget.LinearLayout[1]/android.widget.LinearLayout[1]/android.widget.LinearLayout[1]/android.widget.TextView[1]](xpath)
info sptt: sleeping 100ms
info sptt: "输入支付密码5",begin click element[//android.widget.FrameLayout[1]/android.widget.LinearLayout[1]/android.widget.FrameLayout[1]/android.widget.LinearLayout[1]/android.widget.LinearLayout[1]/android.widget.LinearLayout[4]/android.widget.TextView[2]](xpath)
info sptt: sleeping 100ms
info sptt: "输入支付密码6",begin click element[//android.widget.FrameLayout[1]/android.widget.LinearLayout[1]/android.widget.FrameLayout[1]/android.widget.LinearLayout[1]/android.widget.LinearLayout[1]/android.widget.LinearLayout[2]/android.widget.TextView[3]](xpath)
info sptt: sleeping 5000ms
info sptt: "输入店主昵称",begin type element[//android.widget.FrameLayout[1]/android.widget.LinearLayout[1]/android.widget.FrameLayout[1]/android.widget.RelativeLayout[1]/android.widget.LinearLayout[1]/android.widget.LinearLayout[2]/android.widget.RelativeLayout[2]/android.widget.RelativeLayout[1]/android.widget.LinearLayout[1]/android.widget.EditText[1]](xpath)
info sptt: "输入店铺名称",begin type element[//android.widget.FrameLayout[1]/android.widget.LinearLayout[1]/android.widget.FrameLayout[1]/android.widget.RelativeLayout[1]/android.widget.LinearLayout[1]/android.widget.LinearLayout[2]/android.widget.RelativeLayout[3]/android.widget.RelativeLayout[1]/android.widget.LinearLayout[1]/android.widget.EditText[1]](xpath)
info sptt: "点击完成开店流程",begin click element[//android.widget.FrameLayout[1]/android.widget.LinearLayout[1]/android.widget.FrameLayout[1]/android.widget.RelativeLayout[1]/android.widget.LinearLayout[1]/android.widget.LinearLayout[3]/android.widget.LinearLayout[1]](xpath)
info sptt: sleeping 2000ms
warn sptt: "close alert of new version",current element[//android.widget.FrameLayout[1]/android.widget.FrameLayout[1]/android.widget.FrameLayout[1]/android.widget.LinearLayout[1]/android.widget.RelativeLayout[1]/android.widget.TextView[2]](xpath) is null, so click is not done
info sptt: "点击初次进入首页的指示内容",begin click element[//android.widget.FrameLayout[1]/android.widget.FrameLayout[1]/android.widget.FrameLayout[1]/android.widget.RelativeLayout[1]](xpath)
info sptt: "mine tab from homepage",begin click element[//android.widget.FrameLayout[1]/android.widget.LinearLayout[1]/android.widget.FrameLayout[1]/android.widget.RelativeLayout[1]/android.widget.LinearLayout[1]/android.widget.LinearLayout[1]/android.widget.RelativeLayout[3]](xpath)
info sptt: "swipe down",begin swipe page from [540,1449] to [540,181.20000000000002] during 400
info sptt: "logout",begin click element[//android.widget.FrameLayout[1]/android.widget.LinearLayout[1]/android.widget.FrameLayout[1]/android.widget.RelativeLayout[1]/android.widget.LinearLayout[1]/android.support.v4.view.ViewPager[1]/android.view.ViewGroup[1]/android.widget.ScrollView[1]/android.widget.LinearLayout[1]/android.widget.TextView[1]](xpath)
warn sptt: screenshot error with %%android.widget.FrameLayout[1]%android.widget.LinearLayout[1]%android.widget.FrameLayout[1]%android.widget.RelativeLayout[1]%android.widget.LinearLayout[1]%android.support.v4.view.ViewPager[1]%android.view.ViewGroup[1]%android.widget.ScrollView[1]%android.widget.LinearLayout[1]%android.widget.TextView[1]@xpath[click]{4.14-16：36：27}.png
info sptt: sleeping 2000ms
warn sptt: "close alert of new version",current element[//android.widget.FrameLayout[1]/android.widget.FrameLayout[1]/android.widget.FrameLayout[1]/android.widget.LinearLayout[1]/android.widget.RelativeLayout[1]/android.widget.TextView[2]](xpath) is null, so click is not done
info sptt: "login with username",begin click element[android.widget.TextView|4](className)
info sptt: "click login button",begin click element[//android.widget.FrameLayout[1]/android.widget.LinearLayout[1]/android.widget.FrameLayout[1]/android.widget.RelativeLayout[1]/android.widget.LinearLayout[2]/android.widget.LinearLayout[1]](xpath)
info sptt: sleeping 5000ms
info sptt: "go homepage from test page",begin click element[//android.widget.FrameLayout[1]/android.widget.LinearLayout[1]/android.widget.FrameLayout[1]/android.widget.LinearLayout[1]/android.support.v4.view.ViewPager[1]/android.widget.ScrollView[1]/android.widget.LinearLayout[1]/android.widget.Button[2]](xpath)
warn sptt: screenshot error with %%android.widget.FrameLayout[1]%android.widget.LinearLayout[1]%android.widget.FrameLayout[1]%android.widget.LinearLayout[1]%android.support.v4.view.ViewPager[1]%android.widget.ScrollView[1]%android.widget.LinearLayout[1]%android.widget.Button[2]@xpath[click]{4.14-16：36：57}.png
info sptt: sleeping 800ms
warn sptt: "close alert of new version",current element[//android.widget.FrameLayout[1]/android.widget.FrameLayout[1]/android.widget.FrameLayout[1]/android.widget.LinearLayout[1]/android.widget.RelativeLayout[1]/android.widget.TextView[2]](xpath) is null, so click is not done
warn sptt: "点击初次进入首页的指示内容",current element[//android.widget.FrameLayout[1]/android.widget.FrameLayout[1]/android.widget.FrameLayout[1]/android.widget.RelativeLayout[1]](xpath) is null, so click is not done
info sptt: "从首页进入收益界面",begin click the coordinate(810,880)
info sptt: sleeping 1000ms
info sptt: "关闭首次进入收益页面的收益规则说明弹窗",begin click element[//android.widget.FrameLayout[1]/android.widget.FrameLayout[1]/android.widget.FrameLayout[1]/android.widget.RelativeLayout[1]/android.widget.TextView[2]](xpath)
info sptt: "进入收益明细页面",begin click element[//android.widget.FrameLayout[1]/android.widget.LinearLayout[1]/android.widget.FrameLayout[1]/android.widget.LinearLayout[1]/android.widget.RelativeLayout[1]/android.widget.ScrollView[1]/android.widget.RelativeLayout[1]/android.widget.RelativeLayout[1]/android.widget.LinearLayout[1]](xpath)
warn sptt: screenshot error with %%android.widget.FrameLayout[1]%android.widget.LinearLayout[1]%android.widget.FrameLayout[1]%android.widget.LinearLayout[1]%android.widget.RelativeLayout[1]%android.widget.ScrollView[1]%android.widget.RelativeLayout[1]%android.widget.RelativeLayout[1]%android.widget.LinearLayout[1]@xpath[click]{4.14-16：37：21}.png
info sptt: sleeping 10000ms
info sptt: check to webview successfully
info sptt: expectation of (.income-detail-item:nth-child(1) .comm-info) is contain
info sptt: check to native successfully
info sptt: "从收益明细页面退出（关闭webview）",begin click element[//android.widget.FrameLayout[1]/android.widget.LinearLayout[1]/android.widget.FrameLayout[1]/android.widget.LinearLayout[1]/android.widget.LinearLayout[1]/android.widget.LinearLayout[1]/android.widget.RelativeLayout[1]/android.widget.RelativeLayout[1]/android.widget.LinearLayout[1]/android.widget.TextView[1]](xpath)
warn sptt: screenshot error with %%android.widget.FrameLayout[1]%android.widget.LinearLayout[1]%android.widget.FrameLayout[1]%android.widget.LinearLayout[1]%android.widget.LinearLayout[1]%android.widget.LinearLayout[1]%android.widget.RelativeLayout[1]%android.widget.RelativeLayout[1]%android.widget.LinearLayout[1]%android.widget.TextView[1]@xpath[click]{4.14-16：37：41}.png
info sptt: "从收益界面退出到首页",begin click element[//android.widget.FrameLayout[1]/android.widget.LinearLayout[1]/android.widget.FrameLayout[1]/android.widget.LinearLayout[1]/android.widget.RelativeLayout[1]/android.widget.ScrollView[1]/android.widget.RelativeLayout[1]/android.widget.RelativeLayout[1]/android.widget.RelativeLayout[1]/android.widget.LinearLayout[1]](xpath)
warn sptt: screenshot error with %%android.widget.FrameLayout[1]%android.widget.LinearLayout[1]%android.widget.FrameLayout[1]%android.widget.LinearLayout[1]%android.widget.RelativeLayout[1]%android.widget.ScrollView[1]%android.widget.RelativeLayout[1]%android.widget.RelativeLayout[1]%android.widget.RelativeLayout[1]%android.widget.LinearLayout[1]@xpath[click]{4.14-16：37：51}.png
warn sptt: "close alert of new version",current element[//android.widget.FrameLayout[1]/android.widget.FrameLayout[1]/android.widget.FrameLayout[1]/android.widget.LinearLayout[1]/android.widget.RelativeLayout[1]/android.widget.TextView[2]](xpath) is null, so click is not done
info sptt: "mine tab from homepage",begin click element[//android.widget.FrameLayout[1]/android.widget.LinearLayout[1]/android.widget.FrameLayout[1]/android.widget.RelativeLayout[1]/android.widget.LinearLayout[1]/android.widget.LinearLayout[1]/android.widget.RelativeLayout[3]](xpath)
info sptt: "进入消息通知",begin click element[//android.widget.FrameLayout[1]/android.widget.LinearLayout[1]/android.widget.FrameLayout[1]/android.widget.RelativeLayout[1]/android.widget.LinearLayout[1]/android.support.v4.view.ViewPager[1]/android.view.ViewGroup[1]/android.widget.ScrollView[1]/android.widget.LinearLayout[1]/android.widget.LinearLayout[2]/android.widget.RelativeLayout[4]](xpath)
warn sptt: screenshot error with %%android.widget.FrameLayout[1]%android.widget.LinearLayout[1]%android.widget.FrameLayout[1]%android.widget.RelativeLayout[1]%android.widget.LinearLayout[1]%android.support.v4.view.ViewPager[1]%android.view.ViewGroup[1]%android.widget.ScrollView[1]%android.widget.LinearLayout[1]%android.widget.LinearLayout[2]%android.widget.RelativeLayout[4]@xpath[click]{4.14-16：38：9}.png
info sptt: sleeping 500ms
info sptt: expectation of (//android.widget.FrameLayout[1]/android.widget.LinearLayout[1]/android.widget.FrameLayout[1]/android.widget.RelativeLayout[1]/android.widget.LinearLayout[1]/android.widget.LinearLayout[2]/android.widget.ListView[1]/android.widget.LinearLayout[1]/android.widget.LinearLayout[1]/android.widget.TextView[1]) is contain
info sptt: now you can visit the reporter by the browser
